{"/home/nilse/code/oRPG/static/tests/test-utils.js": {"path":"/home/nilse/code/oRPG/static/tests/test-utils.js","all":false,"statementMap":{"0":{"start":{"line":1,"column":0},"end":{"line":1,"column":39}},"1":{"start":{"line":2,"column":0},"end":{"line":2,"column":29}},"2":{"start":{"line":3,"column":0},"end":{"line":3,"column":41}},"3":{"start":{"line":4,"column":0},"end":{"line":4,"column":30}},"5":{"start":{"line":6,"column":0},"end":{"line":6,"column":50}},"6":{"start":{"line":7,"column":0},"end":{"line":7,"column":43}},"8":{"start":{"line":9,"column":0},"end":{"line":9,"column":62}},"9":{"start":{"line":10,"column":0},"end":{"line":10,"column":52}},"11":{"start":{"line":12,"column":0},"end":{"line":12,"column":29}},"12":{"start":{"line":13,"column":0},"end":{"line":13,"column":17}},"13":{"start":{"line":14,"column":0},"end":{"line":14,"column":5}},"14":{"start":{"line":15,"column":0},"end":{"line":15,"column":22}},"15":{"start":{"line":16,"column":0},"end":{"line":16,"column":17}},"16":{"start":{"line":17,"column":0},"end":{"line":17,"column":33}},"17":{"start":{"line":18,"column":0},"end":{"line":18,"column":30}},"18":{"start":{"line":19,"column":0},"end":{"line":19,"column":8}},"19":{"start":{"line":20,"column":0},"end":{"line":20,"column":6}},"20":{"start":{"line":21,"column":0},"end":{"line":21,"column":5}},"21":{"start":{"line":22,"column":0},"end":{"line":22,"column":30}},"22":{"start":{"line":23,"column":0},"end":{"line":23,"column":17}},"23":{"start":{"line":24,"column":0},"end":{"line":24,"column":32}},"24":{"start":{"line":25,"column":0},"end":{"line":25,"column":8}},"25":{"start":{"line":26,"column":0},"end":{"line":26,"column":6}},"26":{"start":{"line":27,"column":0},"end":{"line":27,"column":4}},"27":{"start":{"line":28,"column":0},"end":{"line":28,"column":2}},"29":{"start":{"line":30,"column":0},"end":{"line":30,"column":31}},"30":{"start":{"line":31,"column":0},"end":{"line":31,"column":16}},"31":{"start":{"line":32,"column":0},"end":{"line":32,"column":23}},"32":{"start":{"line":33,"column":0},"end":{"line":33,"column":14}},"33":{"start":{"line":34,"column":0},"end":{"line":34,"column":22}},"34":{"start":{"line":35,"column":0},"end":{"line":35,"column":14}},"35":{"start":{"line":36,"column":0},"end":{"line":36,"column":28}},"36":{"start":{"line":37,"column":0},"end":{"line":37,"column":28}},"37":{"start":{"line":38,"column":0},"end":{"line":38,"column":26}},"38":{"start":{"line":39,"column":0},"end":{"line":39,"column":2}},"40":{"start":{"line":41,"column":0},"end":{"line":41,"column":47}},"41":{"start":{"line":42,"column":0},"end":{"line":42,"column":36}},"42":{"start":{"line":43,"column":0},"end":{"line":43,"column":9}},"43":{"start":{"line":44,"column":0},"end":{"line":44,"column":25}},"44":{"start":{"line":45,"column":0},"end":{"line":45,"column":41}},"45":{"start":{"line":46,"column":0},"end":{"line":46,"column":3}},"47":{"start":{"line":48,"column":0},"end":{"line":48,"column":59}},"48":{"start":{"line":49,"column":0},"end":{"line":49,"column":107}},"49":{"start":{"line":50,"column":0},"end":{"line":50,"column":22}},"50":{"start":{"line":51,"column":0},"end":{"line":51,"column":7}},"51":{"start":{"line":52,"column":0},"end":{"line":52,"column":64}},"52":{"start":{"line":53,"column":0},"end":{"line":53,"column":33}},"53":{"start":{"line":54,"column":0},"end":{"line":54,"column":17}},"54":{"start":{"line":55,"column":0},"end":{"line":55,"column":31}},"55":{"start":{"line":56,"column":0},"end":{"line":56,"column":3}},"57":{"start":{"line":58,"column":0},"end":{"line":58,"column":49}},"58":{"start":{"line":59,"column":0},"end":{"line":59,"column":62}},"59":{"start":{"line":60,"column":0},"end":{"line":60,"column":3}},"60":{"start":{"line":61,"column":0},"end":{"line":61,"column":45}},"61":{"start":{"line":62,"column":0},"end":{"line":62,"column":62}},"62":{"start":{"line":63,"column":0},"end":{"line":63,"column":3}},"63":{"start":{"line":64,"column":0},"end":{"line":64,"column":39}},"64":{"start":{"line":65,"column":0},"end":{"line":65,"column":56}},"65":{"start":{"line":66,"column":0},"end":{"line":66,"column":3}},"66":{"start":{"line":67,"column":0},"end":{"line":67,"column":34}},"67":{"start":{"line":68,"column":0},"end":{"line":68,"column":64}},"68":{"start":{"line":69,"column":0},"end":{"line":69,"column":3}},"69":{"start":{"line":70,"column":0},"end":{"line":70,"column":37}},"70":{"start":{"line":71,"column":0},"end":{"line":71,"column":41}},"71":{"start":{"line":72,"column":0},"end":{"line":72,"column":34}},"72":{"start":{"line":73,"column":0},"end":{"line":73,"column":27}},"73":{"start":{"line":74,"column":0},"end":{"line":74,"column":28}},"74":{"start":{"line":75,"column":0},"end":{"line":75,"column":8}},"75":{"start":{"line":76,"column":0},"end":{"line":76,"column":3}},"76":{"start":{"line":77,"column":0},"end":{"line":77,"column":67}},"77":{"start":{"line":78,"column":0},"end":{"line":78,"column":41}},"78":{"start":{"line":79,"column":0},"end":{"line":79,"column":31}},"79":{"start":{"line":80,"column":0},"end":{"line":80,"column":31}},"80":{"start":{"line":81,"column":0},"end":{"line":81,"column":8}},"81":{"start":{"line":82,"column":0},"end":{"line":82,"column":3}},"82":{"start":{"line":83,"column":0},"end":{"line":83,"column":71}},"83":{"start":{"line":84,"column":0},"end":{"line":84,"column":55}},"84":{"start":{"line":85,"column":0},"end":{"line":85,"column":3}},"85":{"start":{"line":86,"column":0},"end":{"line":86,"column":69}},"86":{"start":{"line":87,"column":0},"end":{"line":87,"column":55}},"87":{"start":{"line":88,"column":0},"end":{"line":88,"column":3}},"88":{"start":{"line":89,"column":0},"end":{"line":89,"column":78}},"89":{"start":{"line":90,"column":0},"end":{"line":90,"column":55}},"90":{"start":{"line":91,"column":0},"end":{"line":91,"column":3}},"91":{"start":{"line":92,"column":0},"end":{"line":92,"column":43}},"92":{"start":{"line":93,"column":0},"end":{"line":93,"column":2}},"94":{"start":{"line":95,"column":0},"end":{"line":95,"column":17}},"95":{"start":{"line":96,"column":0},"end":{"line":96,"column":25}},"96":{"start":{"line":97,"column":0},"end":{"line":97,"column":19}},"97":{"start":{"line":98,"column":0},"end":{"line":98,"column":22}},"98":{"start":{"line":99,"column":0},"end":{"line":99,"column":20}},"99":{"start":{"line":100,"column":0},"end":{"line":100,"column":26}},"100":{"start":{"line":101,"column":0},"end":{"line":101,"column":26}},"101":{"start":{"line":102,"column":0},"end":{"line":102,"column":23}},"102":{"start":{"line":103,"column":0},"end":{"line":103,"column":3}},"104":{"start":{"line":105,"column":0},"end":{"line":105,"column":10}},"105":{"start":{"line":106,"column":0},"end":{"line":106,"column":24}},"106":{"start":{"line":107,"column":0},"end":{"line":107,"column":29}},"107":{"start":{"line":108,"column":0},"end":{"line":108,"column":3}},"109":{"start":{"line":110,"column":0},"end":{"line":110,"column":11}},"110":{"start":{"line":111,"column":0},"end":{"line":111,"column":23}},"111":{"start":{"line":112,"column":0},"end":{"line":112,"column":3}},"113":{"start":{"line":114,"column":0},"end":{"line":114,"column":23}},"115":{"start":{"line":116,"column":0},"end":{"line":116,"column":26}},"116":{"start":{"line":117,"column":0},"end":{"line":117,"column":1}},"118":{"start":{"line":119,"column":0},"end":{"line":119,"column":21}},"119":{"start":{"line":120,"column":0},"end":{"line":120,"column":17}},"120":{"start":{"line":121,"column":0},"end":{"line":121,"column":41}},"121":{"start":{"line":122,"column":0},"end":{"line":122,"column":19}},"122":{"start":{"line":123,"column":0},"end":{"line":123,"column":3}},"124":{"start":{"line":125,"column":0},"end":{"line":125,"column":14}},"125":{"start":{"line":126,"column":0},"end":{"line":126,"column":25}},"126":{"start":{"line":127,"column":0},"end":{"line":127,"column":3}},"128":{"start":{"line":129,"column":0},"end":{"line":129,"column":11}},"129":{"start":{"line":130,"column":0},"end":{"line":130,"column":43}},"130":{"start":{"line":131,"column":0},"end":{"line":131,"column":3}},"131":{"start":{"line":132,"column":0},"end":{"line":132,"column":1}},"133":{"start":{"line":134,"column":0},"end":{"line":134,"column":29}},"134":{"start":{"line":135,"column":0},"end":{"line":135,"column":23}},"135":{"start":{"line":136,"column":0},"end":{"line":136,"column":26}},"136":{"start":{"line":137,"column":0},"end":{"line":137,"column":25}},"138":{"start":{"line":139,"column":0},"end":{"line":139,"column":34}},"139":{"start":{"line":140,"column":0},"end":{"line":140,"column":41}},"140":{"start":{"line":141,"column":0},"end":{"line":141,"column":27}},"141":{"start":{"line":142,"column":0},"end":{"line":142,"column":69}},"142":{"start":{"line":143,"column":0},"end":{"line":143,"column":52}},"143":{"start":{"line":144,"column":0},"end":{"line":144,"column":36}},"144":{"start":{"line":145,"column":0},"end":{"line":145,"column":41}},"145":{"start":{"line":146,"column":0},"end":{"line":146,"column":11}},"146":{"start":{"line":147,"column":0},"end":{"line":147,"column":76}},"147":{"start":{"line":148,"column":0},"end":{"line":148,"column":58}},"148":{"start":{"line":149,"column":0},"end":{"line":149,"column":55}},"149":{"start":{"line":150,"column":0},"end":{"line":150,"column":9}},"150":{"start":{"line":151,"column":0},"end":{"line":151,"column":21}},"151":{"start":{"line":152,"column":0},"end":{"line":152,"column":43}},"152":{"start":{"line":153,"column":0},"end":{"line":153,"column":7}},"153":{"start":{"line":154,"column":0},"end":{"line":154,"column":26}},"154":{"start":{"line":155,"column":0},"end":{"line":155,"column":31}},"155":{"start":{"line":156,"column":0},"end":{"line":156,"column":6}},"156":{"start":{"line":157,"column":0},"end":{"line":157,"column":44}},"157":{"start":{"line":158,"column":0},"end":{"line":158,"column":38}},"158":{"start":{"line":159,"column":0},"end":{"line":159,"column":27}},"159":{"start":{"line":160,"column":0},"end":{"line":160,"column":8}},"160":{"start":{"line":161,"column":0},"end":{"line":161,"column":5}},"161":{"start":{"line":162,"column":0},"end":{"line":162,"column":3}},"162":{"start":{"line":163,"column":0},"end":{"line":163,"column":35}},"163":{"start":{"line":164,"column":0},"end":{"line":164,"column":43}},"164":{"start":{"line":165,"column":0},"end":{"line":165,"column":28}},"165":{"start":{"line":166,"column":0},"end":{"line":166,"column":3}},"166":{"start":{"line":167,"column":0},"end":{"line":167,"column":48}},"167":{"start":{"line":168,"column":0},"end":{"line":168,"column":32}},"168":{"start":{"line":169,"column":0},"end":{"line":169,"column":21}},"169":{"start":{"line":170,"column":0},"end":{"line":170,"column":23}},"170":{"start":{"line":171,"column":0},"end":{"line":171,"column":26}},"171":{"start":{"line":172,"column":0},"end":{"line":172,"column":28}},"172":{"start":{"line":173,"column":0},"end":{"line":173,"column":31}},"173":{"start":{"line":174,"column":0},"end":{"line":174,"column":40}},"174":{"start":{"line":175,"column":0},"end":{"line":175,"column":7}},"175":{"start":{"line":176,"column":0},"end":{"line":176,"column":3}},"176":{"start":{"line":177,"column":0},"end":{"line":177,"column":59}},"177":{"start":{"line":178,"column":0},"end":{"line":178,"column":80}},"178":{"start":{"line":179,"column":0},"end":{"line":179,"column":3}},"179":{"start":{"line":180,"column":0},"end":{"line":180,"column":58}},"180":{"start":{"line":181,"column":0},"end":{"line":181,"column":59}},"181":{"start":{"line":182,"column":0},"end":{"line":182,"column":3}},"182":{"start":{"line":183,"column":0},"end":{"line":183,"column":2}},"184":{"start":{"line":185,"column":0},"end":{"line":185,"column":54}},"185":{"start":{"line":186,"column":0},"end":{"line":186,"column":25}},"186":{"start":{"line":187,"column":0},"end":{"line":187,"column":3}},"188":{"start":{"line":189,"column":0},"end":{"line":189,"column":41}},"189":{"start":{"line":190,"column":0},"end":{"line":190,"column":38}},"190":{"start":{"line":191,"column":0},"end":{"line":191,"column":32}},"191":{"start":{"line":192,"column":0},"end":{"line":192,"column":28}},"192":{"start":{"line":193,"column":0},"end":{"line":193,"column":30}},"193":{"start":{"line":194,"column":0},"end":{"line":194,"column":24}},"194":{"start":{"line":195,"column":0},"end":{"line":195,"column":25}},"195":{"start":{"line":196,"column":0},"end":{"line":196,"column":27}},"196":{"start":{"line":197,"column":0},"end":{"line":197,"column":6}},"197":{"start":{"line":198,"column":0},"end":{"line":198,"column":5}},"199":{"start":{"line":200,"column":0},"end":{"line":200,"column":25}},"200":{"start":{"line":201,"column":0},"end":{"line":201,"column":30}},"202":{"start":{"line":203,"column":0},"end":{"line":203,"column":42}},"203":{"start":{"line":204,"column":0},"end":{"line":204,"column":36}},"204":{"start":{"line":205,"column":0},"end":{"line":205,"column":77}},"205":{"start":{"line":206,"column":0},"end":{"line":206,"column":7}},"206":{"start":{"line":207,"column":0},"end":{"line":207,"column":3}},"208":{"start":{"line":209,"column":0},"end":{"line":209,"column":66}},"209":{"start":{"line":210,"column":0},"end":{"line":210,"column":48}},"210":{"start":{"line":211,"column":0},"end":{"line":211,"column":3}},"212":{"start":{"line":213,"column":0},"end":{"line":213,"column":24}},"214":{"start":{"line":215,"column":0},"end":{"line":215,"column":10}},"215":{"start":{"line":216,"column":0},"end":{"line":216,"column":8}},"216":{"start":{"line":217,"column":0},"end":{"line":217,"column":11}},"217":{"start":{"line":218,"column":0},"end":{"line":218,"column":13}},"218":{"start":{"line":219,"column":0},"end":{"line":219,"column":19}},"219":{"start":{"line":220,"column":0},"end":{"line":220,"column":28}},"220":{"start":{"line":221,"column":0},"end":{"line":221,"column":6}},"221":{"start":{"line":222,"column":0},"end":{"line":222,"column":15}},"222":{"start":{"line":223,"column":0},"end":{"line":223,"column":21}},"223":{"start":{"line":224,"column":0},"end":{"line":224,"column":6}},"224":{"start":{"line":225,"column":0},"end":{"line":225,"column":4}},"225":{"start":{"line":226,"column":0},"end":{"line":226,"column":1}},"227":{"start":{"line":228,"column":0},"end":{"line":228,"column":53}},"228":{"start":{"line":229,"column":0},"end":{"line":229,"column":48}},"229":{"start":{"line":230,"column":0},"end":{"line":230,"column":23}},"230":{"start":{"line":231,"column":0},"end":{"line":231,"column":1}}},"s":{"0":1,"1":1,"2":1,"3":1,"5":1,"6":1,"8":1,"9":1,"11":1,"12":1,"13":1,"14":1,"15":1,"16":1,"17":1,"18":1,"19":1,"20":1,"21":1,"22":1,"23":1,"24":1,"25":1,"26":1,"27":1,"29":1,"30":1,"31":1,"32":1,"33":1,"34":1,"35":1,"36":1,"37":1,"38":1,"40":1,"41":67,"42":67,"43":67,"44":67,"45":1,"47":1,"48":67,"49":67,"50":67,"51":67,"52":67,"53":67,"54":0,"55":0,"57":67,"58":14,"59":14,"60":67,"61":18,"62":18,"63":67,"64":18,"65":18,"66":17,"67":17,"68":17,"69":0,"70":0,"71":0,"72":0,"73":0,"74":0,"75":0,"76":67,"77":0,"78":0,"79":0,"80":0,"81":0,"82":67,"83":0,"84":0,"85":67,"86":0,"87":0,"88":67,"89":0,"90":0,"91":0,"92":0,"94":1,"95":1,"96":1,"97":1,"98":1,"99":1,"100":1,"101":1,"102":1,"104":1,"105":1,"106":1,"107":1,"109":1,"110":0,"111":0,"113":1,"115":1,"116":1,"118":1,"119":1,"120":16,"121":16,"122":16,"124":1,"125":0,"126":0,"128":1,"129":3,"130":3,"131":1,"133":1,"134":1,"135":1,"136":1,"138":1,"139":15,"140":15,"141":15,"142":15,"143":15,"144":15,"145":0,"146":0,"147":0,"148":0,"149":0,"150":0,"151":0,"152":0,"153":0,"154":0,"155":15,"156":15,"157":1,"158":0,"159":1,"160":1,"161":15,"162":15,"163":15,"164":1,"165":1,"166":15,"167":15,"168":0,"169":0,"170":0,"171":0,"172":0,"173":0,"174":15,"175":15,"176":15,"177":1,"178":1,"179":15,"180":1,"181":1,"182":15,"184":1,"185":22,"186":1,"188":1,"189":14,"190":14,"191":14,"192":14,"193":14,"194":14,"195":14,"196":14,"197":14,"199":14,"200":14,"202":14,"203":14,"204":14,"205":14,"206":14,"208":14,"209":14,"210":14,"212":14,"214":14,"215":14,"216":14,"217":14,"218":14,"219":7,"220":14,"221":14,"222":14,"223":14,"224":14,"225":14,"227":1,"228":1,"229":1,"230":1},"branchMap":{"0":{"type":"branch","line":41,"loc":{"start":{"line":41,"column":21},"end":{"line":46,"column":2}},"locations":[{"start":{"line":41,"column":21},"end":{"line":46,"column":2}}]},"1":{"type":"branch","line":44,"loc":{"start":{"line":44,"column":8},"end":{"line":44,"column":24}},"locations":[{"start":{"line":44,"column":8},"end":{"line":44,"column":24}}]},"2":{"type":"branch","line":48,"loc":{"start":{"line":48,"column":24},"end":{"line":93,"column":2}},"locations":[{"start":{"line":48,"column":24},"end":{"line":93,"column":2}}]},"3":{"type":"branch","line":48,"loc":{"start":{"line":48,"column":36},"end":{"line":93,"column":2}},"locations":[{"start":{"line":48,"column":36},"end":{"line":93,"column":2}}]},"4":{"type":"branch","line":49,"loc":{"start":{"line":49,"column":49},"end":{"line":49,"column":106}},"locations":[{"start":{"line":49,"column":49},"end":{"line":49,"column":106}}]},"5":{"type":"branch","line":54,"loc":{"start":{"line":54,"column":4},"end":{"line":56,"column":3}},"locations":[{"start":{"line":54,"column":4},"end":{"line":56,"column":3}}]},"6":{"type":"branch","line":58,"loc":{"start":{"line":58,"column":48},"end":{"line":60,"column":3}},"locations":[{"start":{"line":58,"column":48},"end":{"line":60,"column":3}}]},"7":{"type":"branch","line":60,"loc":{"start":{"line":60,"column":2},"end":{"line":61,"column":44}},"locations":[{"start":{"line":60,"column":2},"end":{"line":61,"column":44}}]},"8":{"type":"branch","line":61,"loc":{"start":{"line":61,"column":44},"end":{"line":63,"column":3}},"locations":[{"start":{"line":61,"column":44},"end":{"line":63,"column":3}}]},"9":{"type":"branch","line":63,"loc":{"start":{"line":63,"column":2},"end":{"line":64,"column":38}},"locations":[{"start":{"line":63,"column":2},"end":{"line":64,"column":38}}]},"10":{"type":"branch","line":64,"loc":{"start":{"line":64,"column":38},"end":{"line":69,"column":3}},"locations":[{"start":{"line":64,"column":38},"end":{"line":69,"column":3}}]},"11":{"type":"branch","line":64,"loc":{"start":{"line":64,"column":38},"end":{"line":66,"column":3}},"locations":[{"start":{"line":64,"column":38},"end":{"line":66,"column":3}}]},"12":{"type":"branch","line":66,"loc":{"start":{"line":66,"column":2},"end":{"line":69,"column":3}},"locations":[{"start":{"line":66,"column":2},"end":{"line":69,"column":3}}]},"13":{"type":"branch","line":69,"loc":{"start":{"line":69,"column":2},"end":{"line":77,"column":38}},"locations":[{"start":{"line":69,"column":2},"end":{"line":77,"column":38}}]},"14":{"type":"branch","line":77,"loc":{"start":{"line":77,"column":39},"end":{"line":77,"column":64}},"locations":[{"start":{"line":77,"column":39},"end":{"line":77,"column":64}}]},"15":{"type":"branch","line":77,"loc":{"start":{"line":77,"column":66},"end":{"line":83,"column":42}},"locations":[{"start":{"line":77,"column":66},"end":{"line":83,"column":42}}]},"16":{"type":"branch","line":83,"loc":{"start":{"line":83,"column":43},"end":{"line":83,"column":68}},"locations":[{"start":{"line":83,"column":43},"end":{"line":83,"column":68}}]},"17":{"type":"branch","line":83,"loc":{"start":{"line":83,"column":70},"end":{"line":86,"column":40}},"locations":[{"start":{"line":83,"column":70},"end":{"line":86,"column":40}}]},"18":{"type":"branch","line":86,"loc":{"start":{"line":86,"column":41},"end":{"line":86,"column":66}},"locations":[{"start":{"line":86,"column":41},"end":{"line":86,"column":66}}]},"19":{"type":"branch","line":86,"loc":{"start":{"line":86,"column":68},"end":{"line":89,"column":49}},"locations":[{"start":{"line":86,"column":68},"end":{"line":89,"column":49}}]},"20":{"type":"branch","line":89,"loc":{"start":{"line":89,"column":50},"end":{"line":89,"column":75}},"locations":[{"start":{"line":89,"column":50},"end":{"line":89,"column":75}}]},"21":{"type":"branch","line":89,"loc":{"start":{"line":89,"column":77},"end":{"line":93,"column":2}},"locations":[{"start":{"line":89,"column":77},"end":{"line":93,"column":2}}]},"22":{"type":"branch","line":96,"loc":{"start":{"line":96,"column":2},"end":{"line":103,"column":3}},"locations":[{"start":{"line":96,"column":2},"end":{"line":103,"column":3}}]},"23":{"type":"branch","line":105,"loc":{"start":{"line":105,"column":2},"end":{"line":108,"column":3}},"locations":[{"start":{"line":105,"column":2},"end":{"line":108,"column":3}}]},"24":{"type":"branch","line":120,"loc":{"start":{"line":120,"column":2},"end":{"line":123,"column":3}},"locations":[{"start":{"line":120,"column":2},"end":{"line":123,"column":3}}]},"25":{"type":"branch","line":129,"loc":{"start":{"line":129,"column":2},"end":{"line":131,"column":3}},"locations":[{"start":{"line":129,"column":2},"end":{"line":131,"column":3}}]},"26":{"type":"branch","line":139,"loc":{"start":{"line":139,"column":21},"end":{"line":183,"column":2}},"locations":[{"start":{"line":139,"column":21},"end":{"line":183,"column":2}}]},"27":{"type":"branch","line":157,"loc":{"start":{"line":157,"column":43},"end":{"line":161,"column":5}},"locations":[{"start":{"line":157,"column":43},"end":{"line":161,"column":5}}]},"28":{"type":"branch","line":164,"loc":{"start":{"line":164,"column":42},"end":{"line":166,"column":3}},"locations":[{"start":{"line":164,"column":42},"end":{"line":166,"column":3}}]},"29":{"type":"branch","line":177,"loc":{"start":{"line":177,"column":58},"end":{"line":179,"column":3}},"locations":[{"start":{"line":177,"column":58},"end":{"line":179,"column":3}}]},"30":{"type":"branch","line":180,"loc":{"start":{"line":180,"column":57},"end":{"line":182,"column":3}},"locations":[{"start":{"line":180,"column":57},"end":{"line":182,"column":3}}]},"31":{"type":"branch","line":178,"loc":{"start":{"line":178,"column":35},"end":{"line":178,"column":79}},"locations":[{"start":{"line":178,"column":35},"end":{"line":178,"column":79}}]},"32":{"type":"branch","line":181,"loc":{"start":{"line":181,"column":34},"end":{"line":181,"column":58}},"locations":[{"start":{"line":181,"column":34},"end":{"line":181,"column":58}}]},"33":{"type":"branch","line":185,"loc":{"start":{"line":185,"column":22},"end":{"line":187,"column":2}},"locations":[{"start":{"line":185,"column":22},"end":{"line":187,"column":2}}]},"34":{"type":"branch","line":185,"loc":{"start":{"line":185,"column":40},"end":{"line":187,"column":2}},"locations":[{"start":{"line":185,"column":40},"end":{"line":187,"column":2}}]},"35":{"type":"branch","line":189,"loc":{"start":{"line":189,"column":7},"end":{"line":226,"column":1}},"locations":[{"start":{"line":189,"column":7},"end":{"line":226,"column":1}}]},"36":{"type":"branch","line":195,"loc":{"start":{"line":195,"column":4},"end":{"line":197,"column":5}},"locations":[{"start":{"line":195,"column":4},"end":{"line":197,"column":5}}]},"37":{"type":"branch","line":204,"loc":{"start":{"line":204,"column":22},"end":{"line":206,"column":5}},"locations":[{"start":{"line":204,"column":22},"end":{"line":206,"column":5}}]},"38":{"type":"branch","line":219,"loc":{"start":{"line":219,"column":4},"end":{"line":221,"column":5}},"locations":[{"start":{"line":219,"column":4},"end":{"line":221,"column":5}}]},"39":{"type":"branch","line":222,"loc":{"start":{"line":222,"column":4},"end":{"line":224,"column":5}},"locations":[{"start":{"line":222,"column":4},"end":{"line":224,"column":5}}]},"40":{"type":"branch","line":229,"loc":{"start":{"line":229,"column":7},"end":{"line":231,"column":1}},"locations":[{"start":{"line":229,"column":7},"end":{"line":231,"column":1}}]}},"b":{"0":[67],"1":[66],"2":[15],"3":[67],"4":[0],"5":[0],"6":[14],"7":[53],"8":[18],"9":[35],"10":[37],"11":[18],"12":[17],"13":[0],"14":[0],"15":[0],"16":[0],"17":[0],"18":[0],"19":[0],"20":[0],"21":[0],"22":[1],"23":[1],"24":[16],"25":[3],"26":[15],"27":[1],"28":[1],"29":[1],"30":[1],"31":[1],"32":[1],"33":[22],"34":[22],"35":[14],"36":[14],"37":[14],"38":[7],"39":[14],"40":[1]},"fnMap":{"0":{"name":"makeResponse","decl":{"start":{"line":41,"column":21},"end":{"line":46,"column":2}},"loc":{"start":{"line":41,"column":21},"end":{"line":46,"column":2}},"line":41},"1":{"name":"json","decl":{"start":{"line":44,"column":8},"end":{"line":44,"column":24}},"loc":{"start":{"line":44,"column":8},"end":{"line":44,"column":24}},"line":44},"2":{"name":"text","decl":{"start":{"line":45,"column":8},"end":{"line":45,"column":40}},"loc":{"start":{"line":45,"column":8},"end":{"line":45,"column":40}},"line":45},"3":{"name":"createFetchStub","decl":{"start":{"line":48,"column":24},"end":{"line":93,"column":2}},"loc":{"start":{"line":48,"column":24},"end":{"line":93,"column":2}},"line":48},"4":{"name":"FakeAudio","decl":{"start":{"line":96,"column":2},"end":{"line":103,"column":3}},"loc":{"start":{"line":96,"column":2},"end":{"line":103,"column":3}},"line":96},"5":{"name":"play","decl":{"start":{"line":105,"column":2},"end":{"line":108,"column":3}},"loc":{"start":{"line":105,"column":2},"end":{"line":108,"column":3}},"line":105},"6":{"name":"pause","decl":{"start":{"line":110,"column":2},"end":{"line":112,"column":3}},"loc":{"start":{"line":110,"column":2},"end":{"line":112,"column":3}},"line":110},"7":{"name":"addEventListener","decl":{"start":{"line":114,"column":2},"end":{"line":114,"column":23}},"loc":{"start":{"line":114,"column":2},"end":{"line":114,"column":23}},"line":114},"8":{"name":"removeEventListener","decl":{"start":{"line":116,"column":2},"end":{"line":116,"column":26}},"loc":{"start":{"line":116,"column":2},"end":{"line":116,"column":26}},"line":116},"9":{"name":"FakeWebSocket","decl":{"start":{"line":120,"column":2},"end":{"line":123,"column":3}},"loc":{"start":{"line":120,"column":2},"end":{"line":123,"column":3}},"line":120},"10":{"name":"send","decl":{"start":{"line":125,"column":2},"end":{"line":127,"column":3}},"loc":{"start":{"line":125,"column":2},"end":{"line":127,"column":3}},"line":125},"11":{"name":"close","decl":{"start":{"line":129,"column":2},"end":{"line":131,"column":3}},"loc":{"start":{"line":129,"column":2},"end":{"line":131,"column":3}},"line":129},"12":{"name":"installStubs","decl":{"start":{"line":139,"column":21},"end":{"line":183,"column":2}},"loc":{"start":{"line":139,"column":21},"end":{"line":183,"column":2}},"line":139},"13":{"name":"play","decl":{"start":{"line":145,"column":17},"end":{"line":156,"column":5}},"loc":{"start":{"line":145,"column":17},"end":{"line":156,"column":5}},"line":145},"14":{"name":"pause","decl":{"start":{"line":158,"column":20},"end":{"line":160,"column":7}},"loc":{"start":{"line":158,"column":20},"end":{"line":160,"column":7}},"line":158},"15":{"name":"window.alert","decl":{"start":{"line":165,"column":19},"end":{"line":165,"column":27}},"loc":{"start":{"line":165,"column":19},"end":{"line":165,"column":27}},"line":165},"16":{"name":"window.matchMedia","decl":{"start":{"line":168,"column":24},"end":{"line":175,"column":6}},"loc":{"start":{"line":168,"column":24},"end":{"line":175,"column":6}},"line":168},"17":{"name":"window.requestAnimationFrame","decl":{"start":{"line":178,"column":35},"end":{"line":178,"column":79}},"loc":{"start":{"line":178,"column":35},"end":{"line":178,"column":79}},"line":178},"18":{"name":"window.cancelAnimationFrame","decl":{"start":{"line":181,"column":34},"end":{"line":181,"column":58}},"loc":{"start":{"line":181,"column":34},"end":{"line":181,"column":58}},"line":181},"19":{"name":"flushPromises","decl":{"start":{"line":185,"column":22},"end":{"line":187,"column":2}},"loc":{"start":{"line":185,"column":22},"end":{"line":187,"column":2}},"line":185},"20":{"name":"createClientDom","decl":{"start":{"line":189,"column":7},"end":{"line":226,"column":1}},"loc":{"start":{"line":189,"column":7},"end":{"line":226,"column":1}},"line":189},"21":{"name":"beforeParse","decl":{"start":{"line":195,"column":4},"end":{"line":197,"column":5}},"loc":{"start":{"line":195,"column":4},"end":{"line":197,"column":5}},"line":195},"22":{"name":"flush","decl":{"start":{"line":219,"column":4},"end":{"line":221,"column":5}},"loc":{"start":{"line":219,"column":4},"end":{"line":221,"column":5}},"line":219},"23":{"name":"cleanup","decl":{"start":{"line":222,"column":4},"end":{"line":224,"column":5}},"loc":{"start":{"line":222,"column":4},"end":{"line":224,"column":5}},"line":222},"24":{"name":"__installStubsForTests","decl":{"start":{"line":229,"column":7},"end":{"line":231,"column":1}},"loc":{"start":{"line":229,"column":7},"end":{"line":231,"column":1}},"line":229}},"f":{"0":67,"1":66,"2":0,"3":15,"4":1,"5":1,"6":0,"7":0,"8":0,"9":16,"10":0,"11":3,"12":15,"13":0,"14":0,"15":0,"16":0,"17":1,"18":1,"19":22,"20":14,"21":14,"22":7,"23":14,"24":1}}
}
